{"/home/roberto/Escritorio/Administracion/CPM-Back/models/actividadCPM.js": {"path":"/home/roberto/Escritorio/Administracion/CPM-Back/models/actividadCPM.js","statementMap":{"0":{"start":{"line":1,"column":22},"end":{"line":1,"column":42}},"1":{"start":{"line":2,"column":18},"end":{"line":2,"column":36}},"2":{"start":{"line":3,"column":17},"end":{"line":3,"column":38}},"3":{"start":{"line":5,"column":21},"end":{"line":58,"column":2}},"4":{"start":{"line":60,"column":0},"end":{"line":62,"column":87}},"5":{"start":{"line":61,"column":16},"end":{"line":61,"column":62}},"6":{"start":{"line":62,"column":20},"end":{"line":62,"column":85}},"7":{"start":{"line":64,"column":0},"end":{"line":64,"column":30}}},"fnMap":{"0":{"name":"(anonymous_0)","decl":{"start":{"line":61,"column":10},"end":{"line":61,"column":11}},"loc":{"start":{"line":61,"column":16},"end":{"line":61,"column":62}},"line":61},"1":{"name":"(anonymous_1)","decl":{"start":{"line":62,"column":11},"end":{"line":62,"column":12}},"loc":{"start":{"line":62,"column":20},"end":{"line":62,"column":85}},"line":62}},"branchMap":{},"s":{"0":1,"1":1,"2":1,"3":1,"4":1,"5":0,"6":0,"7":1},"f":{"0":0,"1":0},"b":{},"_coverageSchema":"1a1c01bbd47fc00a2c39e90264f33305004495a9","hash":"97f3eac00892e952326440793806f612b72d0902"}
,"/home/roberto/Escritorio/Administracion/CPM-Back/models/index.js": {"path":"/home/roberto/Escritorio/Administracion/CPM-Back/models/index.js","statementMap":{"0":{"start":{"line":1,"column":22},"end":{"line":1,"column":42}},"1":{"start":{"line":3,"column":18},"end":{"line":7,"column":2}},"2":{"start":{"line":9,"column":0},"end":{"line":11,"column":81}},"3":{"start":{"line":10,"column":16},"end":{"line":10,"column":84}},"4":{"start":{"line":11,"column":18},"end":{"line":11,"column":79}},"5":{"start":{"line":13,"column":0},"end":{"line":13,"column":27}}},"fnMap":{"0":{"name":"(anonymous_0)","decl":{"start":{"line":10,"column":10},"end":{"line":10,"column":11}},"loc":{"start":{"line":10,"column":16},"end":{"line":10,"column":84}},"line":10},"1":{"name":"(anonymous_1)","decl":{"start":{"line":11,"column":11},"end":{"line":11,"column":12}},"loc":{"start":{"line":11,"column":18},"end":{"line":11,"column":79}},"line":11}},"branchMap":{},"s":{"0":4,"1":4,"2":4,"3":1,"4":1,"5":3},"f":{"0":1,"1":1},"b":{},"_coverageSchema":"1a1c01bbd47fc00a2c39e90264f33305004495a9","hash":"2d5daa51d992434752b1ffa6361b17ffdd1ad17a"}
,"/home/roberto/Escritorio/Administracion/CPM-Back/models/proyecto.js": {"path":"/home/roberto/Escritorio/Administracion/CPM-Back/models/proyecto.js","statementMap":{"0":{"start":{"line":1,"column":22},"end":{"line":1,"column":42}},"1":{"start":{"line":2,"column":18},"end":{"line":2,"column":36}},"2":{"start":{"line":4,"column":17},"end":{"line":13,"column":2}},"3":{"start":{"line":15,"column":0},"end":{"line":17,"column":83}},"4":{"start":{"line":16,"column":16},"end":{"line":16,"column":58}},"5":{"start":{"line":17,"column":20},"end":{"line":17,"column":81}},"6":{"start":{"line":19,"column":0},"end":{"line":19,"column":26}}},"fnMap":{"0":{"name":"(anonymous_0)","decl":{"start":{"line":16,"column":10},"end":{"line":16,"column":11}},"loc":{"start":{"line":16,"column":16},"end":{"line":16,"column":58}},"line":16},"1":{"name":"(anonymous_1)","decl":{"start":{"line":17,"column":11},"end":{"line":17,"column":12}},"loc":{"start":{"line":17,"column":20},"end":{"line":17,"column":81}},"line":17}},"branchMap":{},"s":{"0":1,"1":1,"2":1,"3":1,"4":0,"5":0,"6":1},"f":{"0":0,"1":0},"b":{},"_coverageSchema":"1a1c01bbd47fc00a2c39e90264f33305004495a9","hash":"8475a7b1a1246aae58f139f9687ab4449125eff3"}
,"/home/roberto/Escritorio/Administracion/CPM-Back/services/pert.js": {"path":"/home/roberto/Escritorio/Administracion/CPM-Back/services/pert.js","statementMap":{"0":{"start":{"line":3,"column":8},"end":{"line":3,"column":29}},"1":{"start":{"line":4,"column":8},"end":{"line":4,"column":30}},"2":{"start":{"line":8,"column":8},"end":{"line":8,"column":30}},"3":{"start":{"line":10,"column":25},"end":{"line":10,"column":124}},"4":{"start":{"line":12,"column":26},"end":{"line":28,"column":9}},"5":{"start":{"line":19,"column":59},"end":{"line":19,"column":67}},"6":{"start":{"line":29,"column":8},"end":{"line":31,"column":9}},"7":{"start":{"line":30,"column":12},"end":{"line":30,"column":101}},"8":{"start":{"line":32,"column":8},"end":{"line":32,"column":41}},"9":{"start":{"line":36,"column":8},"end":{"line":36,"column":73}},"10":{"start":{"line":36,"column":58},"end":{"line":36,"column":71}},"11":{"start":{"line":40,"column":8},"end":{"line":40,"column":87}},"12":{"start":{"line":40,"column":50},"end":{"line":40,"column":77}},"13":{"start":{"line":44,"column":8},"end":{"line":56,"column":9}},"14":{"start":{"line":45,"column":12},"end":{"line":45,"column":32}},"15":{"start":{"line":46,"column":12},"end":{"line":46,"column":51}},"16":{"start":{"line":48,"column":12},"end":{"line":54,"column":15}},"17":{"start":{"line":49,"column":35},"end":{"line":49,"column":68}},"18":{"start":{"line":50,"column":16},"end":{"line":50,"column":60}},"19":{"start":{"line":51,"column":16},"end":{"line":51,"column":70}},"20":{"start":{"line":51,"column":41},"end":{"line":51,"column":70}},"21":{"start":{"line":52,"column":16},"end":{"line":52,"column":82}},"22":{"start":{"line":53,"column":16},"end":{"line":53,"column":82}},"23":{"start":{"line":55,"column":12},"end":{"line":55,"column":70}},"24":{"start":{"line":60,"column":8},"end":{"line":70,"column":9}},"25":{"start":{"line":61,"column":12},"end":{"line":61,"column":44}},"26":{"start":{"line":62,"column":12},"end":{"line":62,"column":63}},"27":{"start":{"line":64,"column":12},"end":{"line":69,"column":15}},"28":{"start":{"line":65,"column":32},"end":{"line":65,"column":62}},"29":{"start":{"line":66,"column":16},"end":{"line":66,"column":76}},"30":{"start":{"line":66,"column":38},"end":{"line":66,"column":76}},"31":{"start":{"line":67,"column":16},"end":{"line":67,"column":121}},"32":{"start":{"line":68,"column":16},"end":{"line":68,"column":159}},"33":{"start":{"line":71,"column":8},"end":{"line":71,"column":66}},"34":{"start":{"line":72,"column":8},"end":{"line":72,"column":65}},"35":{"start":{"line":76,"column":26},"end":{"line":76,"column":27}},"36":{"start":{"line":77,"column":8},"end":{"line":82,"column":11}},"37":{"start":{"line":78,"column":12},"end":{"line":81,"column":13}},"38":{"start":{"line":79,"column":16},"end":{"line":79,"column":44}},"39":{"start":{"line":80,"column":16},"end":{"line":80,"column":71}},"40":{"start":{"line":84,"column":8},"end":{"line":88,"column":11}},"41":{"start":{"line":85,"column":12},"end":{"line":87,"column":13}},"42":{"start":{"line":86,"column":16},"end":{"line":86,"column":56}},"43":{"start":{"line":90,"column":8},"end":{"line":90,"column":32}},"44":{"start":{"line":94,"column":8},"end":{"line":94,"column":29}},"45":{"start":{"line":95,"column":8},"end":{"line":95,"column":30}},"46":{"start":{"line":100,"column":0},"end":{"line":100,"column":22}}},"fnMap":{"0":{"name":"(anonymous_0)","decl":{"start":{"line":2,"column":4},"end":{"line":2,"column":5}},"loc":{"start":{"line":2,"column":18},"end":{"line":5,"column":5}},"line":2},"1":{"name":"(anonymous_1)","decl":{"start":{"line":7,"column":4},"end":{"line":7,"column":5}},"loc":{"start":{"line":7,"column":94},"end":{"line":33,"column":5}},"line":7},"2":{"name":"(anonymous_2)","decl":{"start":{"line":19,"column":54},"end":{"line":19,"column":55}},"loc":{"start":{"line":19,"column":59},"end":{"line":19,"column":67}},"line":19},"3":{"name":"(anonymous_3)","decl":{"start":{"line":35,"column":4},"end":{"line":35,"column":5}},"loc":{"start":{"line":35,"column":26},"end":{"line":37,"column":5}},"line":35},"4":{"name":"(anonymous_4)","decl":{"start":{"line":36,"column":51},"end":{"line":36,"column":52}},"loc":{"start":{"line":36,"column":58},"end":{"line":36,"column":71}},"line":36},"5":{"name":"(anonymous_5)","decl":{"start":{"line":39,"column":4},"end":{"line":39,"column":5}},"loc":{"start":{"line":39,"column":23},"end":{"line":41,"column":5}},"line":39},"6":{"name":"(anonymous_6)","decl":{"start":{"line":40,"column":37},"end":{"line":40,"column":38}},"loc":{"start":{"line":40,"column":50},"end":{"line":40,"column":77}},"line":40},"7":{"name":"(anonymous_7)","decl":{"start":{"line":43,"column":4},"end":{"line":43,"column":5}},"loc":{"start":{"line":43,"column":27},"end":{"line":57,"column":5}},"line":43},"8":{"name":"(anonymous_8)","decl":{"start":{"line":48,"column":43},"end":{"line":48,"column":44}},"loc":{"start":{"line":48,"column":63},"end":{"line":54,"column":13}},"line":48},"9":{"name":"(anonymous_9)","decl":{"start":{"line":59,"column":4},"end":{"line":59,"column":5}},"loc":{"start":{"line":59,"column":39},"end":{"line":73,"column":5}},"line":59},"10":{"name":"(anonymous_10)","decl":{"start":{"line":64,"column":40},"end":{"line":64,"column":41}},"loc":{"start":{"line":64,"column":57},"end":{"line":69,"column":13}},"line":64},"11":{"name":"(anonymous_11)","decl":{"start":{"line":75,"column":4},"end":{"line":75,"column":5}},"loc":{"start":{"line":75,"column":22},"end":{"line":91,"column":5}},"line":75},"12":{"name":"(anonymous_12)","decl":{"start":{"line":77,"column":33},"end":{"line":77,"column":34}},"loc":{"start":{"line":77,"column":46},"end":{"line":82,"column":9}},"line":77},"13":{"name":"(anonymous_13)","decl":{"start":{"line":84,"column":33},"end":{"line":84,"column":34}},"loc":{"start":{"line":84,"column":46},"end":{"line":88,"column":9}},"line":84},"14":{"name":"(anonymous_14)","decl":{"start":{"line":93,"column":4},"end":{"line":93,"column":5}},"loc":{"start":{"line":93,"column":25},"end":{"line":96,"column":7}},"line":93}},"branchMap":{"0":{"loc":{"start":{"line":29,"column":8},"end":{"line":31,"column":9}},"type":"if","locations":[{"start":{"line":29,"column":8},"end":{"line":31,"column":9}},{"start":{},"end":{}}],"line":29},"1":{"loc":{"start":{"line":40,"column":15},"end":{"line":40,"column":86}},"type":"binary-expr","locations":[{"start":{"line":40,"column":15},"end":{"line":40,"column":78}},{"start":{"line":40,"column":82},"end":{"line":40,"column":86}}],"line":40},"2":{"loc":{"start":{"line":44,"column":8},"end":{"line":56,"column":9}},"type":"if","locations":[{"start":{"line":44,"column":8},"end":{"line":56,"column":9}},{"start":{"line":47,"column":15},"end":{"line":56,"column":9}}],"line":44},"3":{"loc":{"start":{"line":51,"column":16},"end":{"line":51,"column":70}},"type":"if","locations":[{"start":{"line":51,"column":16},"end":{"line":51,"column":70}},{"start":{},"end":{}}],"line":51},"4":{"loc":{"start":{"line":60,"column":8},"end":{"line":70,"column":9}},"type":"if","locations":[{"start":{"line":60,"column":8},"end":{"line":70,"column":9}},{"start":{"line":63,"column":15},"end":{"line":70,"column":9}}],"line":60},"5":{"loc":{"start":{"line":66,"column":16},"end":{"line":66,"column":76}},"type":"if","locations":[{"start":{"line":66,"column":16},"end":{"line":66,"column":76}},{"start":{},"end":{}}],"line":66},"6":{"loc":{"start":{"line":67,"column":36},"end":{"line":67,"column":120}},"type":"cond-expr","locations":[{"start":{"line":67,"column":60},"end":{"line":67,"column":103}},{"start":{"line":67,"column":106},"end":{"line":67,"column":120}}],"line":67},"7":{"loc":{"start":{"line":68,"column":35},"end":{"line":68,"column":158}},"type":"cond-expr","locations":[{"start":{"line":68,"column":59},"end":{"line":68,"column":121}},{"start":{"line":68,"column":124},"end":{"line":68,"column":158}}],"line":68},"8":{"loc":{"start":{"line":78,"column":12},"end":{"line":81,"column":13}},"type":"if","locations":[{"start":{"line":78,"column":12},"end":{"line":81,"column":13}},{"start":{},"end":{}}],"line":78},"9":{"loc":{"start":{"line":85,"column":12},"end":{"line":87,"column":13}},"type":"if","locations":[{"start":{"line":85,"column":12},"end":{"line":87,"column":13}},{"start":{},"end":{}}],"line":85}},"s":{"0":5,"1":5,"2":8,"3":8,"4":8,"5":8,"6":8,"7":1,"8":7,"9":1,"10":2,"11":8,"12":15,"13":3,"14":1,"15":1,"16":2,"17":2,"18":2,"19":2,"20":0,"21":2,"22":2,"23":2,"24":3,"25":1,"26":1,"27":2,"28":2,"29":2,"30":2,"31":2,"32":2,"33":3,"34":3,"35":1,"36":1,"37":3,"38":3,"39":3,"40":1,"41":3,"42":1,"43":1,"44":1,"45":1,"46":1},"f":{"0":5,"1":8,"2":8,"3":1,"4":2,"5":8,"6":15,"7":3,"8":2,"9":3,"10":2,"11":1,"12":3,"13":3,"14":1},"b":{"0":[1,7],"1":[8,0],"2":[1,2],"3":[0,2],"4":[1,2],"5":[2,0],"6":[0,2],"7":[0,2],"8":[3,0],"9":[1,2]},"_coverageSchema":"1a1c01bbd47fc00a2c39e90264f33305004495a9","hash":"06f7bc20a0a9b0c426d37e84d6f67c2fc0c8a95b"}
}
