TN:
SF:models/actividadCPM.js
FN:61,(anonymous_0)
FN:62,(anonymous_1)
FNF:2
FNH:0
FNDA:0,(anonymous_0)
FNDA:0,(anonymous_1)
DA:1,1
DA:2,1
DA:3,1
DA:5,1
DA:60,1
DA:61,0
DA:62,0
DA:64,1
LF:8
LH:6
BRF:0
BRH:0
end_of_record
TN:
SF:models/index.js
FN:10,(anonymous_0)
FN:11,(anonymous_1)
FNF:2
FNH:2
FNDA:1,(anonymous_0)
FNDA:1,(anonymous_1)
DA:1,4
DA:3,4
DA:9,4
DA:10,1
DA:11,1
DA:13,3
LF:6
LH:6
BRF:0
BRH:0
end_of_record
TN:
SF:models/proyecto.js
FN:16,(anonymous_0)
FN:17,(anonymous_1)
FNF:2
FNH:0
FNDA:0,(anonymous_0)
FNDA:0,(anonymous_1)
DA:1,1
DA:2,1
DA:4,1
DA:15,1
DA:16,0
DA:17,0
DA:19,1
LF:7
LH:5
BRF:0
BRH:0
end_of_record
TN:
SF:services/pert.js
FN:2,(anonymous_0)
FN:7,(anonymous_1)
FN:19,(anonymous_2)
FN:35,(anonymous_3)
FN:36,(anonymous_4)
FN:39,(anonymous_5)
FN:40,(anonymous_6)
FN:43,(anonymous_7)
FN:48,(anonymous_8)
FN:59,(anonymous_9)
FN:64,(anonymous_10)
FN:75,(anonymous_11)
FN:77,(anonymous_12)
FN:84,(anonymous_13)
FN:93,(anonymous_14)
FNF:15
FNH:15
FNDA:5,(anonymous_0)
FNDA:8,(anonymous_1)
FNDA:8,(anonymous_2)
FNDA:1,(anonymous_3)
FNDA:2,(anonymous_4)
FNDA:8,(anonymous_5)
FNDA:15,(anonymous_6)
FNDA:3,(anonymous_7)
FNDA:2,(anonymous_8)
FNDA:3,(anonymous_9)
FNDA:2,(anonymous_10)
FNDA:1,(anonymous_11)
FNDA:3,(anonymous_12)
FNDA:3,(anonymous_13)
FNDA:1,(anonymous_14)
DA:3,5
DA:4,5
DA:8,8
DA:10,8
DA:12,8
DA:19,8
DA:29,8
DA:30,1
DA:32,7
DA:36,2
DA:40,15
DA:44,3
DA:45,1
DA:46,1
DA:48,2
DA:49,2
DA:50,2
DA:51,2
DA:52,2
DA:53,2
DA:55,2
DA:60,3
DA:61,1
DA:62,1
DA:64,2
DA:65,2
DA:66,2
DA:67,2
DA:68,2
DA:71,3
DA:72,3
DA:76,1
DA:77,1
DA:78,3
DA:79,3
DA:80,3
DA:84,1
DA:85,3
DA:86,1
DA:90,1
DA:94,1
DA:95,1
DA:100,1
LF:43
LH:43
BRDA:29,0,0,1
BRDA:29,0,1,7
BRDA:40,1,0,8
BRDA:40,1,1,0
BRDA:44,2,0,1
BRDA:44,2,1,2
BRDA:51,3,0,0
BRDA:51,3,1,2
BRDA:60,4,0,1
BRDA:60,4,1,2
BRDA:66,5,0,2
BRDA:66,5,1,0
BRDA:67,6,0,0
BRDA:67,6,1,2
BRDA:68,7,0,0
BRDA:68,7,1,2
BRDA:78,8,0,3
BRDA:78,8,1,0
BRDA:85,9,0,1
BRDA:85,9,1,2
BRF:20
BRH:14
end_of_record
